#
# A fatal error has been detected by the Java Runtime Environment:
#
#  SIGSEGV (0xb) at pc=0x0000000129bb0fc7, pid=64641, tid=0x0000000000013a5b
#
# JRE version: Java(TM) SE Runtime Environment (8.0_202-b08) (build 1.8.0_202-b08)
# Java VM: Java HotSpot(TM) 64-Bit Server VM (25.202-b08 mixed mode bsd-amd64 compressed oops)
# Problematic frame:
# C  [libawt_lwawt.dylib+0x1cfc7]  OGLSD_SetScratchSurface+0x49
#
# Failed to write core dump. Core dumps have been disabled. To enable core dumping, try "ulimit -c unlimited" before starting Java again
#
# If you would like to submit a bug report, please visit:
#   http://bugreport.java.com/bugreport/crash.jsp
# The crash happened outside the Java Virtual Machine in native code.
# See problematic frame for where to report the bug.
#

---------------  T H R E A D  ---------------

Current thread (0x00007feac8a92800):  JavaThread "Java2D Queue Flusher" daemon [_thread_in_native, id=80475, stack(0x00000003066ec000,0x00000003067ec000)]

siginfo: si_signo: 11 (SIGSEGV), si_code: 2 (SEGV_ACCERR), si_addr: 0x0000000000000002

Registers:
RAX=0x00000000ffffffff, RBX=0x0000000000000002, RCX=0x0000000000000047, RDX=0x0000000129bd2ab4
RSP=0x00000003067eb8d0, RBP=0x00000003067eb8f0, RSI=0x00007fea67258e30, RDI=0x00007feac8a929f8
R8 =0x00000000d8000618, R9 =0x0000000000000000, R10=0x000000010edb58b8, R11=0x0000000000000020
R12=0x0000000000000000, R13=0x00000006c0003140, R14=0x00007feac8a929f8, R15=0x00007feac8a92800
RIP=0x0000000129bb0fc7, EFLAGS=0x0000000000000203, ERR=0x0000000000000004
  TRAPNO=0x000000000000000e

Top of Stack: (sp=0x00000003067eb8d0)
0x00000003067eb8d0:   00007fea67258e30 0000000000000000
0x00000003067eb8e0:   00007feac8b32e10 00007feac8a92800
0x00000003067eb8f0:   00000003067eb970 0000000129bd2592
0x00000003067eb900:   0000000000000064 00007feac6def6f8
0x00000003067eb910:   00000003067eb970 000000010cb52b40
0x00000003067eb920:   0000000000000005 00007feac8a92800
0x00000003067eb930:   00000006c0003101 00007feac8b32e20
0x00000003067eb940:   00000003007eb900 00007feac8a929f8
0x00000003067eb950:   0000000000000000 0000000000000000
0x00000003067eb960:   00000003067eba20 00007feac8a92800
0x00000003067eb970:   00000003067eb9c0 000000010edb592a
0x00000003067eb980:   00000006c00030a8 00007fff20180004
0x00000003067eb990:   00007feaa20f86f0 0000000000000000
0x00000003067eb9a0:   0000000000000000 00000006c0003140
0x00000003067eb9b0:   00000003067eba20 00007feac8a92800
0x00000003067eb9c0:   00000000d8000615 000000010ed4f910
0x00000003067eb9d0:   00000006c00030a8 00000006c0003140
0x00000003067eb9e0:   0000000000000000 0000000000000000
0x00000003067eb9f0:   00000006c0003140 00000003067eba90
0x00000003067eba00:   0000000000000001 0000000000000000
0x00000003067eba10:   00000003067eba90 000000010e7a37a7
0x00000003067eba20:   00000006c0003140 00000006c0003140
0x00000003067eba30:   0000000300001fa0 000000000000000a
0x00000003067eba40:   00007feac8a92800 0000000000000001
0x00000003067eba50:   000000010e7a371f 000000013036d7f0
0x00000003067eba60:   00000003067ebb28 00000003067ebdc0
0x00000003067eba70:   000000010000000a 000000013036d7f0
0x00000003067eba80:   000000010e7b6ae0 00000003067ebd30
0x00000003067eba90:   00000003067ebc40 000000010caf0d1e
0x00000003067ebaa0:   0000000300000001 00007feac8a92800
0x00000003067ebab0:   00007feac8a92800 00000003067ebdc0
0x00000003067ebac0:   00007feac6def6f0 000000010e7b6ae0 

Instructions: (pc=0x0000000129bb0fc7)
0x0000000129bb0fa7:   c0 e9 82 00 00 00 48 8b 5e 10 48 85 db 75 0e bf
0x0000000129bb0fb7:   01 00 00 00 48 8d 15 cb 96 03 00 eb d6 49 89 fe
0x0000000129bb0fc7:   4c 8b 3b 30 c0 e8 ff bc 02 00 49 8b 3f 49 89 c4
0x0000000129bb0fd7:   48 8b 35 82 29 06 00 30 c0 e8 0b be 02 00 48 85 

Register to memory mapping:

RAX=0x00000000ffffffff is an unknown value
RBX=0x0000000000000002 is an unknown value
RCX=0x0000000000000047 is an unknown value
RDX=0x0000000129bd2ab4: Java_sun_java2d_opengl_OGLRenderQueue_flushBuffer+0xb5c in /Applications/MATLAB_R2020b.app/sys/java/jre/maci64/jre/lib/libawt_lwawt.dylib at 0x0000000129b94000
RSP=0x00000003067eb8d0 is pointing into the stack for thread: 0x00007feac8a92800
RBP=0x00000003067eb8f0 is pointing into the stack for thread: 0x00007feac8a92800
RSI=0x00007fea67258e30 is an unknown value
RDI=0x00007feac8a929f8 is an unknown value
R8 =0x00000000d8000618 is an unknown value
R9 =0x0000000000000000 is an unknown value
R10=0x000000010edb58b8 is at entry_point+56 in (nmethod*)0x000000010edb5710
R11=0x0000000000000020 is an unknown value
R12=0x0000000000000000 is an unknown value
R13=0x00000006c0003140 is an oop
sun.java2d.opengl.OGLRenderQueue$QueueFlusher 
 - klass: 'sun/java2d/opengl/OGLRenderQueue$QueueFlusher'
R14=0x00007feac8a929f8 is an unknown value
R15=0x00007feac8a92800 is a thread


Stack: [0x00000003066ec000,0x00000003067ec000],  sp=0x00000003067eb8d0,  free space=1022k
Native frames: (J=compiled Java code, j=interpreted, Vv=VM code, C=native code)
C  [libawt_lwawt.dylib+0x1cfc7]  OGLSD_SetScratchSurface+0x49
C  [libawt_lwawt.dylib+0x3e592]  Java_sun_java2d_opengl_OGLRenderQueue_flushBuffer+0x63a
J 2086  sun.java2d.opengl.OGLRenderQueue.flushBuffer(JI)V (0 bytes) @ 0x000000010edb592a [0x000000010edb5880+0xaa]
J 3011% C2 sun.java2d.opengl.OGLRenderQueue$QueueFlusher.run()V (234 bytes) @ 0x000000010ed4f910 [0x000000010ed4f840+0xd0]
v  ~StubRoutines::call_stub
V  [libjvm.dylib+0x2f0d1e]  JavaCalls::call_helper(JavaValue*, methodHandle*, JavaCallArguments*, Thread*)+0x6ae
V  [libjvm.dylib+0x2f14c2]  JavaCalls::call_virtual(JavaValue*, KlassHandle, Symbol*, Symbol*, JavaCallArguments*, Thread*)+0x164
V  [libjvm.dylib+0x2f166e]  JavaCalls::call_virtual(JavaValue*, Handle, KlassHandle, Symbol*, Symbol*, Thread*)+0x4a
V  [libjvm.dylib+0x34bf5d]  thread_entry(JavaThread*, Thread*)+0x7c
V  [libjvm.dylib+0x570b93]  JavaThread::thread_main_inner()+0x9b
V  [libjvm.dylib+0x57228e]  JavaThread::run()+0x1c2
V  [libjvm.dylib+0x48f30a]  java_start(Thread*)+0xf6
C  [libsystem_pthread.dylib+0x6950]  _pthread_start+0xe0
C  [libsystem_pthread.dylib+0x247b]  thread_start+0xf
C  0x0000000000000000

Java frames: (J=compiled Java code, j=interpreted, Vv=VM code)
J 2086  sun.java2d.opengl.OGLRenderQueue.flushBuffer(JI)V (0 bytes) @ 0x000000010edb58b8 [0x000000010edb5880+0x38]
J 3011% C2 sun.java2d.opengl.OGLRenderQueue$QueueFlusher.run()V (234 bytes) @ 0x000000010ed4f910 [0x000000010ed4f840+0xd0]
v  ~StubRoutines::call_stub

---------------  P R O C E S S  ---------------

Java Threads: ( => current thread )
  0x00007feac8cda000 JavaThread "Timer-0" daemon [_thread_blocked, id=61459, stack(0x0000000306af8000,0x0000000306bf8000)]
  0x00007feac7ae2800 JavaThread "TimerQueue" daemon [_thread_blocked, id=58235, stack(0x00000003069f5000,0x0000000306af5000)]
  0x00007feac8c52000 JavaThread "Java2D Disposer" daemon [_thread_blocked, id=56859, stack(0x00000003067ef000,0x00000003068ef000)]
=>0x00007feac8a92800 JavaThread "Java2D Queue Flusher" daemon [_thread_in_native, id=80475, stack(0x00000003066ec000,0x00000003067ec000)]
  0x00007feac8a8b000 JavaThread "MultiThreadedHttpConnectionManager cleanup" daemon [_thread_blocked, id=50767, stack(0x00000003065e9000,0x00000003066e9000)]
  0x00007feac880f800 JavaThread "DestroyJavaVM" [_thread_blocked, id=6147, stack(0x0000000304c6e000,0x0000000304d6e000)]
  0x00007feac7954800 JavaThread "AWT-EventQueue-0" [_thread_blocked, id=81811, stack(0x00000003064e6000,0x00000003065e6000)]
  0x00007feac896d800 JavaThread "AWT-Shutdown" [_thread_blocked, id=34595, stack(0x00000003060b8000,0x00000003061b8000)]
  0x00007feac884d800 JavaThread "AppKit Thread" daemon [_thread_in_native, id=515, stack(0x00000003043ea000,0x0000000304bea000)]
  0x00007feaa700e000 JavaThread "Service Thread" daemon [_thread_blocked, id=23559, stack(0x0000000305eb2000,0x0000000305fb2000)]
  0x00007feac980a000 JavaThread "C1 CompilerThread3" daemon [_thread_blocked, id=23043, stack(0x0000000305daf000,0x0000000305eaf000)]
  0x00007feaa781c000 JavaThread "C2 CompilerThread2" daemon [_thread_blocked, id=41987, stack(0x0000000305cac000,0x0000000305dac000)]
  0x00007feab000a000 JavaThread "C2 CompilerThread1" daemon [_thread_blocked, id=42243, stack(0x0000000305ba9000,0x0000000305ca9000)]
  0x00007feaa7810000 JavaThread "C2 CompilerThread0" daemon [_thread_blocked, id=42755, stack(0x0000000305aa6000,0x0000000305ba6000)]
  0x00007feac7013800 JavaThread "Signal Dispatcher" daemon [_thread_blocked, id=22019, stack(0x00000003059a3000,0x0000000305aa3000)]
  0x00007feaa780e000 JavaThread "Finalizer" daemon [_thread_blocked, id=14879, stack(0x000000030578f000,0x000000030588f000)]
  0x00007feac7013000 JavaThread "Reference Handler" daemon [_thread_blocked, id=14115, stack(0x000000030568c000,0x000000030578c000)]

Other Threads:
  0x00007feac8840800 VMThread [stack: 0x0000000305589000,0x0000000305689000] [id=19459]
  0x00007feab0009000 WatcherThread [stack: 0x0000000305fb5000,0x00000003060b5000] [id=23827]

VM state:not at safepoint (normal execution)

VM Mutex/Monitor currently owned by a thread: None

heap address: 0x00000006c0000000, size: 4096 MB, Compressed Oops mode: Zero based, Oop shift amount: 3
Narrow klass base: 0x0000000000000000, Narrow klass shift: 3
Compressed class space size: 1073741824 Address: 0x00000007c0000000

Heap:
 PSYoungGen      total 39936K, used 9763K [0x000000076ab00000, 0x000000076db00000, 0x00000007c0000000)
  eden space 30720K, 2% used [0x000000076ab00000,0x000000076abbf688,0x000000076c900000)
  from space 9216K, 97% used [0x000000076d200000,0x000000076dac9680,0x000000076db00000)
  to   space 9216K, 0% used [0x000000076c900000,0x000000076c900000,0x000000076d200000)
 ParOldGen       total 75776K, used 17940K [0x00000006c0000000, 0x00000006c4a00000, 0x000000076ab00000)
  object space 75776K, 23% used [0x00000006c0000000,0x00000006c1185108,0x00000006c4a00000)
 Metaspace       used 23297K, capacity 23724K, committed 23936K, reserved 1071104K
  class space    used 2778K, capacity 2908K, committed 2944K, reserved 1048576K

Card table byte_map: [0x000000011db63000,0x000000011e364000] byte_map_base: 0x000000011a563000

Marking Bits: (ParMarkBitMap*) 0x000000010d0fbe40
 Begin Bits: [0x000000011e90b000, 0x000000012290b000)
 End Bits:   [0x000000012290b000, 0x000000012690b000)

Polling page: 0x00000001087e9000

CodeCache: size=245760Kb used=8678Kb max_used=8983Kb free=237081Kb
 bounds [0x000000010e7a3000, 0x000000010f0b3000, 0x000000011d7a3000]
 total_blobs=3205 nmethods=2579 adapters=540
 compilation: enabled

Compilation events (10 events):
Event: 11396.368 Thread 0x00007feaa781c000 3128       4       sun.java2d.pipe.Region::clipScale (41 bytes)
Event: 11396.371 Thread 0x00007feaa781c000 nmethod 3128 0x000000010e8fc050 code [0x000000010e8fc1e0, 0x000000010e8fc378]
Event: 11396.792 Thread 0x00007feab000a000 3129       4       sun.awt.image.BufImgSurfaceData::createDataIC (61 bytes)
Event: 11396.799 Thread 0x00007feab000a000 nmethod 3129 0x000000010f003750 code [0x000000010f0038e0, 0x000000010f003c48]
Event: 11399.525 Thread 0x00007feac980a000 3130   !   3       sun.awt.image.ImageCache::setImage (336 bytes)
Event: 11399.530 Thread 0x00007feac980a000 nmethod 3130 0x000000010ef77c90 code [0x000000010ef781c0, 0x000000010ef7bbf8]
Event: 11401.828 Thread 0x00007feaa7810000 3131       4       sun.java2d.pipe.Region::getIntersectionXYXY (108 bytes)
Event: 11401.835 Thread 0x00007feaa7810000 nmethod 3131 0x000000010ecf20d0 code [0x000000010ecf2220, 0x000000010ecf23f8]
Event: 11407.218 Thread 0x00007feaa781c000 3132       4       java.util.concurrent.ConcurrentHashMap$ValueIterator::next (34 bytes)
Event: 11407.225 Thread 0x00007feaa781c000 nmethod 3132 0x000000010ed83a90 code [0x000000010ed83be0, 0x000000010ed83e38]

GC Heap History (10 events):
Event: 11263.178 GC heap before
{Heap before GC invocations=293 (full 1):
 PSYoungGen      total 39936K, used 39588K [0x000000076ab00000, 0x000000076db00000, 0x00000007c0000000)
  eden space 30720K, 100% used [0x000000076ab00000,0x000000076c900000,0x000000076c900000)
  from space 9216K, 96% used [0x000000076c900000,0x000000076d1a9330,0x000000076d200000)
  to   space 9216K, 0% used [0x000000076d200000,0x000000076d200000,0x000000076db00000)
 ParOldGen       total 75776K, used 17940K [0x00000006c0000000, 0x00000006c4a00000, 0x000000076ab00000)
  object space 75776K, 23% used [0x00000006c0000000,0x00000006c1185108,0x00000006c4a00000)
 Metaspace       used 23278K, capacity 23724K, committed 23936K, reserved 1071104K
  class space    used 2773K, capacity 2908K, committed 2944K, reserved 1048576K
Event: 11263.183 GC heap after
Heap after GC invocations=293 (full 1):
 PSYoungGen      total 39936K, used 8836K [0x000000076ab00000, 0x000000076db00000, 0x00000007c0000000)
  eden space 30720K, 0% used [0x000000076ab00000,0x000000076ab00000,0x000000076c900000)
  from space 9216K, 95% used [0x000000076d200000,0x000000076daa1330,0x000000076db00000)
  to   space 9216K, 0% used [0x000000076c900000,0x000000076c900000,0x000000076d200000)
 ParOldGen       total 75776K, used 17940K [0x00000006c0000000, 0x00000006c4a00000, 0x000000076ab00000)
  object space 75776K, 23% used [0x00000006c0000000,0x00000006c1185108,0x00000006c4a00000)
 Metaspace       used 23278K, capacity 23724K, committed 23936K, reserved 1071104K
  class space    used 2773K, capacity 2908K, committed 2944K, reserved 1048576K
}
Event: 11297.168 GC heap before
{Heap before GC invocations=294 (full 1):
 PSYoungGen      total 39936K, used 39556K [0x000000076ab00000, 0x000000076db00000, 0x00000007c0000000)
  eden space 30720K, 100% used [0x000000076ab00000,0x000000076c900000,0x000000076c900000)
  from space 9216K, 95% used [0x000000076d200000,0x000000076daa1330,0x000000076db00000)
  to   space 9216K, 0% used [0x000000076c900000,0x000000076c900000,0x000000076d200000)
 ParOldGen       total 75776K, used 17940K [0x00000006c0000000, 0x00000006c4a00000, 0x000000076ab00000)
  object space 75776K, 23% used [0x00000006c0000000,0x00000006c1185108,0x00000006c4a00000)
 Metaspace       used 23278K, capacity 23724K, committed 23936K, reserved 1071104K
  class space    used 2773K, capacity 2908K, committed 2944K, reserved 1048576K
Event: 11297.179 GC heap after
Heap after GC invocations=294 (full 1):
 PSYoungGen      total 39936K, used 8932K [0x000000076ab00000, 0x000000076db00000, 0x00000007c0000000)
  eden space 30720K, 0% used [0x000000076ab00000,0x000000076ab00000,0x000000076c900000)
  from space 9216K, 96% used [0x000000076c900000,0x000000076d1b9330,0x000000076d200000)
  to   space 9216K, 0% used [0x000000076d200000,0x000000076d200000,0x000000076db00000)
 ParOldGen       total 75776K, used 17940K [0x00000006c0000000, 0x00000006c4a00000, 0x000000076ab00000)
  object space 75776K, 23% used [0x00000006c0000000,0x00000006c1185108,0x00000006c4a00000)
 Metaspace       used 23278K, capacity 23724K, committed 23936K, reserved 1071104K
  class space    used 2773K, capacity 2908K, committed 2944K, reserved 1048576K
}
Event: 11332.183 GC heap before
{Heap before GC invocations=295 (full 1):
 PSYoungGen      total 39936K, used 39652K [0x000000076ab00000, 0x000000076db00000, 0x00000007c0000000)
  eden space 30720K, 100% used [0x000000076ab00000,0x000000076c900000,0x000000076c900000)
  from space 9216K, 96% used [0x000000076c900000,0x000000076d1b9330,0x000000076d200000)
  to   space 9216K, 0% used [0x000000076d200000,0x000000076d200000,0x000000076db00000)
 ParOldGen       total 75776K, used 17940K [0x00000006c0000000, 0x00000006c4a00000, 0x000000076ab00000)
  object space 75776K, 23% used [0x00000006c0000000,0x00000006c1185108,0x00000006c4a00000)
 Metaspace       used 23278K, capacity 23724K, committed 23936K, reserved 1071104K
  class space    used 2773K, capacity 2908K, committed 2944K, reserved 1048576K
Event: 11332.189 GC heap after
Heap after GC invocations=295 (full 1):
 PSYoungGen      total 39936K, used 8964K [0x000000076ab00000, 0x000000076db00000, 0x00000007c0000000)
  eden space 30720K, 0% used [0x000000076ab00000,0x000000076ab00000,0x000000076c900000)
  from space 9216K, 97% used [0x000000076d200000,0x000000076dac1330,0x000000076db00000)
  to   space 9216K, 0% used [0x000000076c900000,0x000000076c900000,0x000000076d200000)
 ParOldGen       total 75776K, used 17940K [0x00000006c0000000, 0x00000006c4a00000, 0x000000076ab00000)
  object space 75776K, 23% used [0x00000006c0000000,0x00000006c1185108,0x00000006c4a00000)
 Metaspace       used 23278K, capacity 23724K, committed 23936K, reserved 1071104K
  class space    used 2773K, capacity 2908K, committed 2944K, reserved 1048576K
}
Event: 11365.548 GC heap before
{Heap before GC invocations=296 (full 1):
 PSYoungGen      total 39936K, used 39684K [0x000000076ab00000, 0x000000076db00000, 0x00000007c0000000)
  eden space 30720K, 100% used [0x000000076ab00000,0x000000076c900000,0x000000076c900000)
  from space 9216K, 97% used [0x000000076d200000,0x000000076dac1330,0x000000076db00000)
  to   space 9216K, 0% used [0x000000076c900000,0x000000076c900000,0x000000076d200000)
 ParOldGen       total 75776K, used 17940K [0x00000006c0000000, 0x00000006c4a00000, 0x000000076ab00000)
  object space 75776K, 23% used [0x00000006c0000000,0x00000006c1185108,0x00000006c4a00000)
 Metaspace       used 23278K, capacity 23724K, committed 23936K, reserved 1071104K
  class space    used 2773K, capacity 2908K, committed 2944K, reserved 1048576K
Event: 11365.553 GC heap after
Heap after GC invocations=296 (full 1):
 PSYoungGen      total 39936K, used 9000K [0x000000076ab00000, 0x000000076db00000, 0x00000007c0000000)
  eden space 30720K, 0% used [0x000000076ab00000,0x000000076ab00000,0x000000076c900000)
  from space 9216K, 97% used [0x000000076c900000,0x000000076d1ca070,0x000000076d200000)
  to   space 9216K, 0% used [0x000000076d200000,0x000000076d200000,0x000000076db00000)
 ParOldGen       total 75776K, used 17940K [0x00000006c0000000, 0x00000006c4a00000, 0x000000076ab00000)
  object space 75776K, 23% used [0x00000006c0000000,0x00000006c1185108,0x00000006c4a00000)
 Metaspace       used 23278K, capacity 23724K, committed 23936K, reserved 1071104K
  class space    used 2773K, capacity 2908K, committed 2944K, reserved 1048576K
}
Event: 11408.293 GC heap before
{Heap before GC invocations=297 (full 1):
 PSYoungGen      total 39936K, used 39720K [0x000000076ab00000, 0x000000076db00000, 0x00000007c0000000)
  eden space 30720K, 100% used [0x000000076ab00000,0x000000076c900000,0x000000076c900000)
  from space 9216K, 97% used [0x000000076c900000,0x000000076d1ca070,0x000000076d200000)
  to   space 9216K, 0% used [0x000000076d200000,0x000000076d200000,0x000000076db00000)
 ParOldGen       total 75776K, used 17940K [0x00000006c0000000, 0x00000006c4a00000, 0x000000076ab00000)
  object space 75776K, 23% used [0x00000006c0000000,0x00000006c1185108,0x00000006c4a00000)
 Metaspace       used 23297K, capacity 23724K, committed 23936K, reserved 1071104K
  class space    used 2778K, capacity 2908K, committed 2944K, reserved 1048576K
Event: 11408.301 GC heap after
Heap after GC invocations=297 (full 1):
 PSYoungGen      total 39936K, used 8997K [0x000000076ab00000, 0x000000076db00000, 0x00000007c0000000)
  eden space 30720K, 0% used [0x000000076ab00000,0x000000076ab00000,0x000000076c900000)
  from space 9216K, 97% used [0x000000076d200000,0x000000076dac9680,0x000000076db00000)
  to   space 9216K, 0% used [0x000000076c900000,0x000000076c900000,0x000000076d200000)
 ParOldGen       total 75776K, used 17940K [0x00000006c0000000, 0x00000006c4a00000, 0x000000076ab00000)
  object space 75776K, 23% used [0x00000006c0000000,0x00000006c1185108,0x00000006c4a00000)
 Metaspace       used 23297K, capacity 23724K, committed 23936K, reserved 1071104K
  class space    used 2778K, capacity 2908K, committed 2944K, reserved 1048576K
}

Deoptimization events (10 events):
Event: 11385.973 Thread 0x00007feac7954800 Uncommon trap: reason=class_check action=maybe_recompile pc=0x000000010ea5fa44 method=java.awt.EventQueue.dispatchEventImpl(Ljava/awt/AWTEvent;Ljava/lang/Object;)V @ 6
Event: 11385.974 Thread 0x00007feac7954800 Uncommon trap: reason=speculate_class_check action=maybe_recompile pc=0x000000010ed63988 method=java.awt.EventQueue.eventToCacheIndex(Ljava/awt/AWTEvent;)I @ 68
Event: 11385.976 Thread 0x00007feac7954800 Uncommon trap: reason=class_check action=maybe_recompile pc=0x000000010e92abf8 method=javax.swing.RepaintManager$4.run()Ljava/lang/Void; @ 27
Event: 11385.996 Thread 0x00007feac7954800 Uncommon trap: reason=unstable_if action=reinterpret pc=0x000000010ec93ed4 method=sun.java2d.StateTrackableDelegate.getStateTracker()Lsun/java2d/StateTracker; @ 6
Event: 11386.001 Thread 0x00007feac7954800 Uncommon trap: reason=unstable_if action=reinterpret pc=0x000000010e9aec4c method=sun.java2d.pipe.BufferedContext.validate(Lsun/java2d/pipe/hw/AccelSurface;Lsun/java2d/pipe/hw/AccelSurface;Lsun/java2d/pipe/Region;Ljava/awt/Composite;Ljava/awt/geom/AffineT
Event: 11386.001 Thread 0x00007feac7954800 Uncommon trap: reason=unstable_if action=reinterpret pc=0x000000010ed47bf8 method=sun.java2d.opengl.OGLBlitLoops.IsoBlit(Lsun/java2d/SurfaceData;Lsun/java2d/SurfaceData;Ljava/awt/image/BufferedImage;Ljava/awt/image/BufferedImageOp;Ljava/awt/Composite;Lsun
Event: 11386.001 Thread 0x00007feac7954800 Uncommon trap: reason=unstable_if action=reinterpret pc=0x000000010ea61388 method=sun.java2d.opengl.OGLBlitLoops.createPackedParams(ZZZZII)I @ 36
Event: 11386.011 Thread 0x00007feac7954800 Uncommon trap: reason=unstable_if action=reinterpret pc=0x000000010ee4b3dc method=java.util.IdentityHashMap.isEmpty()Z @ 4
Event: 11396.365 Thread 0x00007feac7954800 Uncommon trap: reason=unstable_if action=reinterpret pc=0x000000010f084ab4 method=sun.awt.image.SurfaceManager.flush(Z)V @ 4
Event: 11408.315 Thread 0x00007feac8c52000 Uncommon trap: reason=class_check action=maybe_recompile pc=0x000000010ec1c008 method=sun.java2d.Disposer.run()V @ 21

Classes redefined (0 events):
No events

Internal exceptions (10 events):
Event: 67.260 Thread 0x00007feaa780e000 Exception <a 'java/lang/NullPointerException'> (0x000000076ad76140) thrown at [/Users/java_re/workspace/8-2-build-macosx-x86_64/jdk8u202/12323/hotspot/src/share/vm/interpreter/linkResolver.cpp, line 1185]
Event: 769.799 Thread 0x00007feac7954800 Implicit null exception at 0x000000010e9ad96e to 0x000000010e9aee21
Event: 10413.493 Thread 0x00007feac884d800 Implicit null exception at 0x000000010f0156f0 to 0x000000010f016d21
Event: 10413.550 Thread 0x00007feac7954800 Implicit null exception at 0x000000010e9517f5 to 0x000000010e9525b5
Event: 10413.648 Thread 0x00007feac7954800 Implicit null exception at 0x000000010efcc790 to 0x000000010efce269
Event: 10413.662 Thread 0x00007feac7954800 Implicit null exception at 0x000000010ef37261 to 0x000000010ef373dd
Event: 11382.478 Thread 0x00007feac7954800 Implicit null exception at 0x000000010edc0cd0 to 0x000000010edc20cd
Event: 11382.526 Thread 0x00007feac884d800 Implicit null exception at 0x000000010ed1f3cc to 0x000000010ed1f571
Event: 11383.745 Thread 0x00007feac7ae2800 Implicit null exception at 0x000000010eff5d20 to 0x000000010eff6749
Event: 11396.363 Thread 0x00007feac7954800 Implicit null exception at 0x000000010f081eda to 0x000000010f084a81

Events (10 events):
Event: 11396.363 Thread 0x00007feac7954800 Uncommon trap: trap_request=0xffffff65 fr.pc=0x000000010f084ab4
Event: 11396.363 Executing VM operation: RevokeBias
Event: 11396.365 Executing VM operation: RevokeBias done
Event: 11396.365 Thread 0x00007feac7954800 DEOPT PACKING pc=0x000000010f084ab4 sp=0x00000003065e2ce0
Event: 11396.365 Thread 0x00007feac7954800 DEOPT UNPACKING pc=0x000000010e7e873a sp=0x00000003065e2c00 mode 2
Event: 11408.292 Executing VM operation: ParallelGCFailedAllocation
Event: 11408.301 Executing VM operation: ParallelGCFailedAllocation done
Event: 11408.315 Thread 0x00007feac8c52000 Uncommon trap: trap_request=0xffffffde fr.pc=0x000000010ec1c008
Event: 11408.315 Thread 0x00007feac8c52000 DEOPT PACKING pc=0x000000010ec1c008 sp=0x00000003068ee960
Event: 11408.315 Thread 0x00007feac8c52000 DEOPT UNPACKING pc=0x000000010e7e873a sp=0x00000003068ee958 mode 2


Dynamic libraries:
0x00007ffdffee0000 	/Library/Apple/usr/libexec/oah/runtime
0x00007fff35298000 	/System/Library/Frameworks/Cocoa.framework/Versions/A/Cocoa
0x00007fff22140000 	/System/Library/Frameworks/Security.framework/Versions/A/Security
0x00007fff33495000 	/System/Library/Frameworks/ApplicationServices.framework/Versions/A/ApplicationServices
0x00007fff2a5e6000 	/usr/lib/libz.1.dylib
0x00007fff2a6b2000 	/usr/lib/libSystem.B.dylib
0x00007fff201f0000 	/usr/lib/libobjc.A.dylib
0x00007fff203d1000 	/System/Library/Frameworks/CoreFoundation.framework/Versions/A/CoreFoundation
0x00007fff210b3000 	/System/Library/Frameworks/Foundation.framework/Versions/C/Foundation
0x00007fff22b67000 	/System/Library/Frameworks/AppKit.framework/Versions/C/AppKit
0x00007fff25a25000 	/System/Library/Frameworks/CoreData.framework/Versions/A/CoreData
0x00007fff238ca000 	/System/Library/PrivateFrameworks/UIFoundation.framework/Versions/A/UIFoundation
0x00007fff2fe74000 	/System/Library/PrivateFrameworks/RemoteViewServices.framework/Versions/A/RemoteViewServices
0x00007fff28c01000 	/System/Library/PrivateFrameworks/XCTTargetBootstrap.framework/Versions/A/XCTTargetBootstrap
0x00007fff2b950000 	/usr/lib/libspindump.dylib
0x00007fff23b1f000 	/System/Library/Frameworks/UniformTypeIdentifiers.framework/Versions/A/UniformTypeIdentifiers
0x00007fff273d7000 	/usr/lib/libapp_launch_measurement.dylib
0x00007fff273da000 	/System/Library/PrivateFrameworks/CoreAutoLayout.framework/Versions/A/CoreAutoLayout
0x00007fff28563000 	/System/Library/Frameworks/Metal.framework/Versions/A/Metal
0x00007fff29257000 	/usr/lib/liblangid.dylib
0x00007fff28c05000 	/System/Library/PrivateFrameworks/CoreSVG.framework/Versions/A/CoreSVG
0x00007fff24b06000 	/System/Library/PrivateFrameworks/SkyLight.framework/Versions/A/SkyLight
0x00007fff24e6d000 	/System/Library/Frameworks/CoreGraphics.framework/Versions/A/CoreGraphics
0x00007fff304cb000 	/System/Library/Frameworks/Accelerate.framework/Versions/A/Accelerate
0x00007fff2b38b000 	/System/Library/PrivateFrameworks/IconServices.framework/Versions/A/IconServices
0x00007fff28548000 	/System/Library/Frameworks/IOSurface.framework/Versions/A/IOSurface
0x00007fff263b7000 	/usr/lib/libDiagnosticMessagesClient.dylib
0x00007fff28bed000 	/System/Library/PrivateFrameworks/DFRFoundation.framework/Versions/A/DFRFoundation
0x00007fff22492000 	/usr/lib/libicucore.A.dylib
0x00007fff2ce95000 	/System/Library/Frameworks/AudioToolbox.framework/Versions/A/AudioToolbox
0x00007fff2c13a000 	/System/Library/PrivateFrameworks/DataDetectorsCore.framework/Versions/A/DataDetectorsCore
0x00007fff288ed000 	/System/Library/Frameworks/Carbon.framework/Versions/A/Frameworks/HIToolbox.framework/Versions/A/HIToolbox
0x00007fff26e32000 	/System/Library/Frameworks/QuartzCore.framework/Versions/A/QuartzCore
0x00007fff2feb0000 	/System/Library/Frameworks/Carbon.framework/Versions/A/Frameworks/SpeechRecognition.framework/Versions/A/SpeechRecognition
0x00007fff2713f000 	/System/Library/PrivateFrameworks/CoreUI.framework/Versions/A/CoreUI
0x00007fff21a9b000 	/System/Library/Frameworks/CoreAudio.framework/Versions/A/CoreAudio
0x00007fff264a2000 	/System/Library/Frameworks/DiskArbitration.framework/Versions/A/DiskArbitration
0x00007fff2bd4a000 	/System/Library/PrivateFrameworks/MultitouchSupport.framework/Versions/A/MultitouchSupport
0x00007fff2c131000 	/System/Library/PrivateFrameworks/InternationalSupport.framework/Versions/A/InternationalSupport
0x00007fff24a7a000 	/usr/lib/libenergytrace.dylib
0x00007fff22a60000 	/System/Library/Frameworks/IOKit.framework/Versions/A/IOKit
0x00007fff301fd000 	/System/Library/Frameworks/CoreServices.framework/Versions/A/CoreServices
0x00007fff2736d000 	/System/Library/PrivateFrameworks/PerformanceAnalysis.framework/Versions/A/PerformanceAnalysis
0x00007fff6cb73000 	/System/Library/Frameworks/OpenGL.framework/Versions/A/OpenGL
0x00007fff2c1b6000 	/System/Library/PrivateFrameworks/UserActivity.framework/Versions/A/UserActivity
0x00007fff25527000 	/System/Library/Frameworks/ColorSync.framework/Versions/A/ColorSync
0x00007fff28e6e000 	/System/Library/Frameworks/CoreImage.framework/Versions/A/CoreImage
0x00007fff218b2000 	/System/Library/Frameworks/CoreText.framework/Versions/A/CoreText
0x00007fff28c2f000 	/System/Library/Frameworks/ImageIO.framework/Versions/A/ImageIO
0x00007fff2a6b8000 	/System/Library/PrivateFrameworks/SoftLinking.framework/Versions/A/SoftLinking
0x00007fff27423000 	/usr/lib/libxml2.2.dylib
0x00007fff202b6000 	/usr/lib/libc++.1.dylib
0x00007fff2a92a000 	/usr/lib/libcompression.dylib
0x00007fff24a7b000 	/usr/lib/libMobileGestalt.dylib
0x00007fff2c064000 	/System/Library/PrivateFrameworks/TextureIO.framework/Versions/A/TextureIO
0x00007fff2b018000 	/usr/lib/libate.dylib
0x00007fff2a6ac000 	/usr/lib/system/libcache.dylib
0x00007fff2a668000 	/usr/lib/system/libcommonCrypto.dylib
0x00007fff2a692000 	/usr/lib/system/libcompiler_rt.dylib
0x00007fff2a687000 	/usr/lib/system/libcopyfile.dylib
0x00007fff200de000 	/usr/lib/system/libcorecrypto.dylib
0x00007fff201ab000 	/usr/lib/system/libdispatch.dylib
0x00007fff20360000 	/usr/lib/system/libdyld.dylib
0x00007fff2a6a3000 	/usr/lib/system/libkeymgr.dylib
0x00007fff2dc47000 	/usr/lib/system/liblaunch.dylib
0x00007fff2a646000 	/usr/lib/system/libmacho.dylib
0x00007fff29e5b000 	/usr/lib/system/libquarantine.dylib
0x00007fff2a6a0000 	/usr/lib/system/libremovefile.dylib
0x00007fff24ad7000 	/usr/lib/system/libsystem_asl.dylib
0x00007fff2008e000 	/usr/lib/system/libsystem_blocks.dylib
0x00007fff2022d000 	/usr/lib/system/libsystem_c.dylib
0x00007fff2a69a000 	/usr/lib/system/libsystem_collections.dylib
0x00007fff29248000 	/usr/lib/system/libsystem_configuration.dylib
0x00007fff28537000 	/usr/lib/system/libsystem_containermanager.dylib
0x00007fff2a3de000 	/usr/lib/system/libsystem_coreservices.dylib
0x00007fff226f4000 	/usr/lib/system/libsystem_darwin.dylib
0x00007fff2a6a4000 	/usr/lib/system/libsystem_dnssd.dylib
0x00007fff2022a000 	/usr/lib/system/libsystem_featureflags.dylib
0x00007fff203a5000 	/usr/lib/system/libsystem_info.dylib
0x00007fff2a5f9000 	/usr/lib/system/libsystem_m.dylib
0x00007fff2017e000 	/usr/lib/system/libsystem_malloc.dylib
0x00007fff24a6b000 	/usr/lib/system/libsystem_networkextension.dylib
0x00007fff22b0f000 	/usr/lib/system/libsystem_notify.dylib
0x00007fff300fb000 	/usr/lib/system/libsystem_product_info_filter.dylib
0x00007fff2924c000 	/usr/lib/system/libsystem_sandbox.dylib
0x00007fff2a69d000 	/usr/lib/system/libsystem_secinit.dylib
0x00007fff20325000 	/usr/lib/system/libsystem_kernel.dylib
0x00007fff2039b000 	/usr/lib/system/libsystem_platform.dylib
0x00007fff20354000 	/usr/lib/system/libsystem_pthread.dylib
0x00007fff26205000 	/usr/lib/system/libsystem_symptoms.dylib
0x00007fff200c6000 	/usr/lib/system/libsystem_trace.dylib
0x00007fff2a674000 	/usr/lib/system/libunwind.dylib
0x00007fff20090000 	/usr/lib/system/libxpc.dylib
0x00007fff2030c000 	/usr/lib/libc++abi.dylib
0x00007fff2a67f000 	/usr/lib/liboah.dylib
0x00007fff2ad43000 	/usr/lib/liblzma.5.dylib
0x00007fff20dc7000 	/System/Library/Frameworks/SystemConfiguration.framework/Versions/A/SystemConfiguration
0x00007fff2a6b4000 	/usr/lib/libfakelink.dylib
0x00007fff245cd000 	/System/Library/Frameworks/CFNetwork.framework/Versions/A/CFNetwork
0x00007fff2a7f4000 	/usr/lib/libarchive.2.dylib
0x00007fff20e45000 	/usr/lib/libCRFSuite.dylib
0x00007fff29e82000 	/usr/lib/libbsm.0.dylib
0x00007fff23f89000 	/usr/lib/libnetwork.dylib
0x00007fff2a6b9000 	/usr/lib/libpcap.A.dylib
0x00007fff261fe000 	/usr/lib/libdns_services.dylib
0x00007fff2ad5c000 	/usr/lib/libcoretls_cfhelpers.dylib
0x00007fff2a8f8000 	/usr/lib/libapple_nghttp2.dylib
0x00007fff2a64c000 	/usr/lib/system/libkxld.dylib
0x00007fff25e6c000 	/usr/lib/libsqlite3.dylib
0x00007fff2a3c0000 	/System/Library/PrivateFrameworks/AppleFSCompression.framework/Versions/A/AppleFSCompression
0x00007fff29e6a000 	/usr/lib/libcoretls.dylib
0x00007fff2a925000 	/usr/lib/libpam.2.dylib
0x00007fff2ae59000 	/usr/lib/libxar.1.dylib
0x00007fff29253000 	/System/Library/PrivateFrameworks/AppleSystemInfo.framework/Versions/A/AppleSystemInfo
0x00007fff29aad000 	/System/Library/PrivateFrameworks/IOMobileFramebuffer.framework/Versions/A/IOMobileFramebuffer
0x00007fff2a3d0000 	/usr/lib/libbz2.1.0.dylib
0x00007fff2a6f1000 	/usr/lib/libiconv.2.dylib
0x00007fff2a645000 	/usr/lib/libcharset.1.dylib
0x00007fff273a9000 	/System/Library/Frameworks/CoreServices.framework/Versions/A/Frameworks/FSEvents.framework/Versions/A/FSEvents
0x00007fff226fe000 	/System/Library/Frameworks/CoreServices.framework/Versions/A/Frameworks/CarbonCore.framework/Versions/A/CarbonCore
0x00007fff26407000 	/System/Library/Frameworks/CoreServices.framework/Versions/A/Frameworks/Metadata.framework/Versions/A/Metadata
0x00007fff2a3e3000 	/System/Library/Frameworks/CoreServices.framework/Versions/A/Frameworks/OSServices.framework/Versions/A/OSServices
0x00007fff2a866000 	/System/Library/Frameworks/CoreServices.framework/Versions/A/Frameworks/SearchKit.framework/Versions/A/SearchKit
0x00007fff26188000 	/System/Library/Frameworks/CoreServices.framework/Versions/A/Frameworks/AE.framework/Versions/A/AE
0x00007fff2086d000 	/System/Library/Frameworks/CoreServices.framework/Versions/A/Frameworks/LaunchServices.framework/Versions/A/LaunchServices
0x00007fff2acf4000 	/System/Library/Frameworks/CoreServices.framework/Versions/A/Frameworks/DictionaryServices.framework/Versions/A/DictionaryServices
0x00007fff273b2000 	/System/Library/Frameworks/CoreServices.framework/Versions/A/Frameworks/SharedFileList.framework/Versions/A/SharedFileList
0x00007fff29e5e000 	/usr/lib/libCheckFix.dylib
0x00007fff24aee000 	/System/Library/PrivateFrameworks/TCC.framework/Versions/A/TCC
0x00007fff29259000 	/System/Library/PrivateFrameworks/CoreNLP.framework/Versions/A/CoreNLP
0x00007fff263ba000 	/System/Library/PrivateFrameworks/MetadataUtilities.framework/Versions/A/MetadataUtilities
0x00007fff20e7b000 	/usr/lib/libmecabra.dylib
0x00007fff2a172000 	/System/Library/Frameworks/MLCompute.framework/Versions/A/MLCompute
0x00007fff29e93000 	/usr/lib/libmecab.dylib
0x00007fff29edd000 	/usr/lib/libgermantok.dylib
0x00007fff2a8ce000 	/usr/lib/libThaiTokenizer.dylib
0x00007fff2ae94000 	/usr/lib/libChineseTokenizer.dylib
0x00007fff2a923000 	/System/Library/Frameworks/MetalPerformanceShaders.framework/Versions/A/MetalPerformanceShaders
0x00007fff264a9000 	/System/Library/Frameworks/Accelerate.framework/Versions/A/Frameworks/vImage.framework/Versions/A/vImage
0x00007fff301d6000 	/System/Library/Frameworks/Accelerate.framework/Versions/A/Frameworks/vecLib.framework/Versions/A/vecLib
0x00007fff2ae9f000 	/System/Library/Frameworks/Accelerate.framework/Versions/A/Frameworks/vecLib.framework/Versions/A/libvMisc.dylib
0x00007fff29909000 	/System/Library/Frameworks/Accelerate.framework/Versions/A/Frameworks/vecLib.framework/Versions/A/libvDSP.dylib
0x00007fff20b71000 	/System/Library/Frameworks/Accelerate.framework/Versions/A/Frameworks/vecLib.framework/Versions/A/libBLAS.dylib
0x00007fff2a949000 	/System/Library/Frameworks/Accelerate.framework/Versions/A/Frameworks/vecLib.framework/Versions/A/libLAPACK.dylib
0x00007fff29ee3000 	/System/Library/Frameworks/Accelerate.framework/Versions/A/Frameworks/vecLib.framework/Versions/A/libLinearAlgebra.dylib
0x00007fff2a910000 	/System/Library/Frameworks/Accelerate.framework/Versions/A/Frameworks/vecLib.framework/Versions/A/libSparseBLAS.dylib
0x00007fff2a943000 	/System/Library/Frameworks/Accelerate.framework/Versions/A/Frameworks/vecLib.framework/Versions/A/libQuadrature.dylib
0x00007fff29301000 	/System/Library/Frameworks/Accelerate.framework/Versions/A/Frameworks/vecLib.framework/Versions/A/libBNNS.dylib
0x00007fff20d58000 	/System/Library/Frameworks/Accelerate.framework/Versions/A/Frameworks/vecLib.framework/Versions/A/libSparse.dylib
0x00007fff291ec000 	/System/Library/Frameworks/MetalPerformanceShaders.framework/Versions/A/Frameworks/MPSCore.framework/Versions/A/MPSCore
0x00007fff2a32f000 	/System/Library/Frameworks/MetalPerformanceShaders.framework/Versions/A/Frameworks/MPSImage.framework/Versions/A/MPSImage
0x00007fff29efa000 	/System/Library/Frameworks/MetalPerformanceShaders.framework/Versions/A/Frameworks/MPSNeuralNetwork.framework/Versions/A/MPSNeuralNetwork
0x00007fff2a2ba000 	/System/Library/Frameworks/MetalPerformanceShaders.framework/Versions/A/Frameworks/MPSMatrix.framework/Versions/A/MPSMatrix
0x00007fff2a122000 	/System/Library/Frameworks/MetalPerformanceShaders.framework/Versions/A/Frameworks/MPSRayIntersector.framework/Versions/A/MPSRayIntersector
0x00007fff2a2f1000 	/System/Library/Frameworks/MetalPerformanceShaders.framework/Versions/A/Frameworks/MPSNDArray.framework/Versions/A/MPSNDArray
0x00007fff20a9d000 	/System/Library/PrivateFrameworks/MetalTools.framework/Versions/A/MetalTools
0x00007fff29251000 	/System/Library/PrivateFrameworks/AggregateDictionary.framework/Versions/A/AggregateDictionary
0x00007fff26392000 	/System/Library/PrivateFrameworks/CoreAnalytics.framework/Versions/A/CoreAnalytics
0x00007fff2a8d0000 	/System/Library/PrivateFrameworks/AppleSauce.framework/Versions/A/AppleSauce
0x00007fff2855a000 	/System/Library/PrivateFrameworks/IOAccelerator.framework/Versions/A/IOAccelerator
0x00007fff6cb67000 	/System/Library/Frameworks/OpenGL.framework/Versions/A/Libraries/libCoreFSCache.dylib
0x00007fff21417000 	/System/Library/PrivateFrameworks/LanguageModeling.framework/Versions/A/LanguageModeling
0x00007fff29a9a000 	/System/Library/PrivateFrameworks/CoreEmoji.framework/Versions/A/CoreEmoji
0x00007fff292fa000 	/System/Library/PrivateFrameworks/LinguisticData.framework/Versions/A/LinguisticData
0x00007fff20d0a000 	/System/Library/PrivateFrameworks/Lexicon.framework/Versions/A/Lexicon
0x00007fff2a7e2000 	/usr/lib/libcmph.dylib
0x00007fff27389000 	/System/Library/Frameworks/OpenDirectory.framework/Versions/A/Frameworks/CFOpenDirectory.framework/Versions/A/CFOpenDirectory
0x00007fff27379000 	/System/Library/Frameworks/OpenDirectory.framework/Versions/A/OpenDirectory
0x00007fff2ad5e000 	/System/Library/PrivateFrameworks/APFS.framework/Versions/A/APFS
0x00007fff29dbf000 	/System/Library/Frameworks/SecurityFoundation.framework/Versions/A/SecurityFoundation
0x00007fff2ae67000 	/usr/lib/libutil.dylib
0x00007fff22a25000 	/System/Library/PrivateFrameworks/CoreServicesStore.framework/Versions/A/CoreServicesStore
0x00007fff29e56000 	/System/Library/Frameworks/ServiceManagement.framework/Versions/A/ServiceManagement
0x00007fff2ae6b000 	/usr/lib/libxslt.1.dylib
0x00007fff29e4c000 	/System/Library/PrivateFrameworks/BackgroundTaskManagement.framework/Versions/A/BackgroundTaskManagement
0x00007fff2bfaf000 	/System/Library/Frameworks/ImageIO.framework/Versions/A/Resources/libRadiance.dylib
0x00007fff2bfb8000 	/System/Library/Frameworks/ImageIO.framework/Versions/A/Resources/libJPEG.dylib
0x00007fff2bf04000 	/System/Library/Frameworks/ImageIO.framework/Versions/A/Resources/libPng.dylib
0x00007fff2bf2b000 	/System/Library/Frameworks/ImageIO.framework/Versions/A/Resources/libTIFF.dylib
0x00007fff2c00d000 	/System/Library/Frameworks/ImageIO.framework/Versions/A/Resources/libGIF.dylib
0x00007fff2bc68000 	/System/Library/Frameworks/ImageIO.framework/Versions/A/Resources/libJP2.dylib
0x00007fff2b352000 	/usr/lib/libexpat.1.dylib
0x00007fff2bc1d000 	/System/Library/PrivateFrameworks/AppleJPEG.framework/Versions/A/AppleJPEG
0x00007fff28790000 	/System/Library/PrivateFrameworks/FontServices.framework/libFontParser.dylib
0x00007fff2613c000 	/System/Library/PrivateFrameworks/RunningBoardServices.framework/Versions/A/RunningBoardServices
0x00007fff2bd46000 	/System/Library/PrivateFrameworks/WatchdogClient.framework/Versions/A/WatchdogClient
0x00007fff21504000 	/System/Library/Frameworks/CoreDisplay.framework/Versions/A/CoreDisplay
0x00007fff286a6000 	/System/Library/Frameworks/CoreMedia.framework/Versions/A/CoreMedia
0x00007fff27506000 	/System/Library/Frameworks/CoreVideo.framework/Versions/A/CoreVideo
0x00007fff2bd7e000 	/System/Library/Frameworks/VideoToolbox.framework/Versions/A/VideoToolbox
0x00007fff260ba000 	/System/Library/PrivateFrameworks/BaseBoard.framework/Versions/A/BaseBoard
0x00007fff2b497000 	/System/Library/PrivateFrameworks/PersistentConnection.framework/Versions/A/PersistentConnection
0x00007fff25e55000 	/System/Library/PrivateFrameworks/ProtocolBuffer.framework/Versions/A/ProtocolBuffer
0x00007fff260a1000 	/System/Library/PrivateFrameworks/CommonUtilities.framework/Versions/A/CommonUtilities
0x00007fff2bbb2000 	/System/Library/PrivateFrameworks/Bom.framework/Versions/A/Bom
0x00007fff2bfa8000 	/System/Library/PrivateFrameworks/GPUWrangler.framework/Versions/A/GPUWrangler
0x00007fff2bf8b000 	/System/Library/PrivateFrameworks/IOPresentment.framework/Versions/A/IOPresentment
0x00007fff2bfb2000 	/System/Library/PrivateFrameworks/DSExternalDisplay.framework/Versions/A/DSExternalDisplay
0x00007fff2c012000 	/System/Library/PrivateFrameworks/CMCaptureCore.framework/Versions/A/CMCaptureCore
0x00007fff2b937000 	/System/Library/PrivateFrameworks/AppServerSupport.framework/Versions/A/AppServerSupport
0x00007fff2d9e6000 	/System/Library/PrivateFrameworks/perfdata.framework/Versions/A/perfdata
0x00007fff29dae000 	/System/Library/PrivateFrameworks/AssertionServices.framework/Versions/A/AssertionServices
0x00007fff2163b000 	/System/Library/PrivateFrameworks/AudioToolboxCore.framework/Versions/A/AudioToolboxCore
0x00007fff28689000 	/System/Library/PrivateFrameworks/caulk.framework/Versions/A/caulk
0x00007fff3d691000 	/System/Library/PrivateFrameworks/SystemPolicy.framework/Versions/A/SystemPolicy
0x00007fff2b147000 	/usr/lib/libIOReport.dylib
0x00007fff2d208000 	/usr/lib/libSMC.dylib
0x00007fff2bed1000 	/usr/lib/libAudioToolboxUtility.dylib
0x00007fff3dffb000 	/usr/lib/libmis.dylib
0x00007fff6cbc3000 	/System/Library/Frameworks/OpenGL.framework/Versions/A/Libraries/libGLU.dylib
0x00007fff6cb86000 	/System/Library/Frameworks/OpenGL.framework/Versions/A/Libraries/libGFXShared.dylib
0x00007fff6cd95000 	/System/Library/Frameworks/OpenGL.framework/Versions/A/Libraries/libGL.dylib
0x00007fff6cb8f000 	/System/Library/Frameworks/OpenGL.framework/Versions/A/Libraries/libGLImage.dylib
0x00007fff6cb83000 	/System/Library/Frameworks/OpenGL.framework/Versions/A/Libraries/libCVMSPluginSupport.dylib
0x00007fff6cb6e000 	/System/Library/Frameworks/OpenGL.framework/Versions/A/Libraries/libCoreVMClient.dylib
0x00007fff6e1d6000 	/System/Library/Frameworks/OpenCL.framework/Versions/A/OpenCL
0x00007fff2b4c1000 	/System/Library/PrivateFrameworks/GraphVisualizer.framework/Versions/A/GraphVisualizer
0x00007fff2b4d0000 	/System/Library/PrivateFrameworks/FaceCore.framework/Versions/A/FaceCore
0x00007fff2b8ec000 	/System/Library/PrivateFrameworks/OTSVG.framework/Versions/A/OTSVG
0x00007fff270fd000 	/System/Library/Frameworks/ApplicationServices.framework/Versions/A/Frameworks/ATS.framework/Versions/A/Resources/libFontRegistry.dylib
0x00007fff2b93e000 	/System/Library/PrivateFrameworks/FontServices.framework/libhvf.dylib
0x00007fff2b2fe000 	/System/Library/PrivateFrameworks/AppleVA.framework/Versions/A/AppleVA
0x00007fff2d051000 	/System/Library/Frameworks/ApplicationServices.framework/Versions/A/Frameworks/ATS.framework/Versions/A/ATS
0x00007fff2d363000 	/System/Library/Frameworks/ApplicationServices.framework/Versions/A/Frameworks/ColorSyncLegacy.framework/Versions/A/ColorSyncLegacy
0x00007fff2561e000 	/System/Library/Frameworks/ApplicationServices.framework/Versions/A/Frameworks/HIServices.framework/Versions/A/HIServices
0x00007fff2d348000 	/System/Library/Frameworks/ApplicationServices.framework/Versions/A/Frameworks/LangAnalysis.framework/Versions/A/LangAnalysis
0x00007fff2c01c000 	/System/Library/Frameworks/ApplicationServices.framework/Versions/A/Frameworks/PrintCore.framework/Versions/A/PrintCore
0x00007fff2d36b000 	/System/Library/Frameworks/ApplicationServices.framework/Versions/A/Frameworks/QD.framework/Versions/A/QD
0x00007fff2d041000 	/System/Library/Frameworks/ApplicationServices.framework/Versions/A/Frameworks/SpeechSynthesis.framework/Versions/A/SpeechSynthesis
0x00007fff2bfdd000 	/System/Library/Frameworks/ApplicationServices.framework/Versions/A/Frameworks/ATSUI.framework/Versions/A/ATSUI
0x00007fff2d2e8000 	/usr/lib/libcups.2.dylib
0x00007fff2d358000 	/System/Library/PrivateFrameworks/NetAuth.framework/Versions/A/NetAuth
0x00007fff2da02000 	/System/Library/Frameworks/Kerberos.framework/Versions/A/Kerberos
0x00007fff2da12000 	/System/Library/Frameworks/GSS.framework/Versions/A/GSS
0x00007fff2d0bd000 	/usr/lib/libresolv.9.dylib
0x00007fff2b953000 	/System/Library/PrivateFrameworks/Heimdal.framework/Versions/A/Heimdal
0x00007fff33796000 	/System/Library/Frameworks/Kerberos.framework/Versions/A/Libraries/libHeimdalProxy.dylib
0x00007fff2620d000 	/System/Library/Frameworks/Network.framework/Versions/A/Network
0x00007fff2b36c000 	/usr/lib/libheimdal-asn1.dylib
0x00007fff2da62000 	/System/Library/PrivateFrameworks/CommonAuth.framework/Versions/A/CommonAuth
0x00007fff27553000 	/System/Library/PrivateFrameworks/login.framework/Versions/A/Frameworks/loginsupport.framework/Versions/A/loginsupport
0x00007fff2cfc6000 	/System/Library/PrivateFrameworks/AudioSession.framework/Versions/A/AudioSession
0x00007fff2d02e000 	/usr/lib/libAudioStatistics.dylib
0x00007fff2b3f9000 	/System/Library/PrivateFrameworks/MediaExperience.framework/Versions/A/MediaExperience
0x00007fff2ce63000 	/System/Library/PrivateFrameworks/AudioSession.framework/libSessionUtility.dylib
0x00007fff2d9f3000 	/usr/lib/libperfcheck.dylib
0x00007fff2d377000 	/System/Library/PrivateFrameworks/AudioResourceArbitration.framework/Versions/A/AudioResourceArbitration
0x00007fff2b376000 	/System/Library/PrivateFrameworks/IconFoundation.framework/Versions/A/IconFoundation
0x00007fff2fea0000 	/System/Library/PrivateFrameworks/SpeechRecognitionCore.framework/Versions/A/SpeechRecognitionCore
0x000000010c800000 	/Applications/MATLAB_R2020b.app/sys/java/jre/maci64/jre/lib/server/libjvm.dylib
0x00007fff78aaf000 	/usr/lib/libstdc++.6.dylib
0x000000010e6b7000 	/Applications/MATLAB_R2020b.app/sys/java/jre/maci64/jre/lib/libverify.dylib
0x000000010e6d6000 	/Applications/MATLAB_R2020b.app/sys/java/jre/maci64/jre/lib/libjava.dylib
0x000000010e78b000 	/Applications/MATLAB_R2020b.app/sys/java/jre/maci64/jre/lib/libzip.dylib
0x00000001298b9000 	/Applications/MATLAB_R2020b.app/sys/java/jre/maci64/jre/lib/libawt.dylib
0x0000000129a0b000 	/Applications/MATLAB_R2020b.app/sys/java/jre/maci64/jre/lib/libmlib_image.dylib
0x00007fff6fa03000 	/System/Library/Frameworks/JavaNativeFoundation.framework/Versions/A/JavaNativeFoundation
0x00007fff6fa0f000 	/System/Library/Frameworks/JavaRuntimeSupport.framework/Versions/A/JavaRuntimeSupport
0x00007fff3d409000 	/System/Library/Frameworks/Carbon.framework/Versions/A/Carbon
0x00007fff31e6a000 	/System/Library/PrivateFrameworks/CoreSymbolication.framework/Versions/A/CoreSymbolication
0x00007fff36703000 	/System/Library/Frameworks/Carbon.framework/Versions/A/Frameworks/CommonPanels.framework/Versions/A/CommonPanels
0x00007fff33250000 	/System/Library/Frameworks/Carbon.framework/Versions/A/Frameworks/Help.framework/Versions/A/Help
0x00007fff36707000 	/System/Library/Frameworks/Carbon.framework/Versions/A/Frameworks/ImageCapture.framework/Versions/A/ImageCapture
0x00007fff366df000 	/System/Library/Frameworks/Carbon.framework/Versions/A/Frameworks/OpenScripting.framework/Versions/A/OpenScripting
0x00007fff366ff000 	/System/Library/Frameworks/Carbon.framework/Versions/A/Frameworks/Ink.framework/Versions/A/Ink
0x00007fff3d405000 	/System/Library/Frameworks/Carbon.framework/Versions/A/Frameworks/Print.framework/Versions/A/Print
0x00007fff366fb000 	/System/Library/Frameworks/Carbon.framework/Versions/A/Frameworks/SecurityHI.framework/Versions/A/SecurityHI
0x00007fff31e2d000 	/System/Library/PrivateFrameworks/DebugSymbols.framework/Versions/A/DebugSymbols
0x0000000129b94000 	/Applications/MATLAB_R2020b.app/sys/java/jre/maci64/jre/lib/libawt_lwawt.dylib
0x0000000129cfe000 	/Applications/MATLAB_R2020b.app/sys/java/jre/maci64/jre/lib/libosxapp.dylib
0x00007fff3c7c9000 	/System/Library/Frameworks/ExceptionHandling.framework/Versions/A/ExceptionHandling
0x00007fff229e6000 	/System/Library/PrivateFrameworks/CoreServicesInternal.framework/Versions/A/CoreServicesInternal
0x00007fff31386000 	/System/Library/Frameworks/FileProvider.framework/Versions/A/FileProvider
0x00007fff26024000 	/System/Library/Frameworks/Accounts.framework/Versions/A/Accounts
0x00007fff314a7000 	/System/Library/PrivateFrameworks/GenerationalStorage.framework/Versions/A/GenerationalStorage
0x00007fff30da5000 	/System/Library/PrivateFrameworks/SymptomDiagnosticReporter.framework/Versions/A/SymptomDiagnosticReporter
0x00007fff2e6ab000 	/System/Library/PrivateFrameworks/AppContainer.framework/Versions/A/AppContainer
0x00007fff23b32000 	/System/Library/PrivateFrameworks/DesktopServicesPriv.framework/Versions/A/DesktopServicesPriv
0x00007fff22b1b000 	/usr/lib/libsandbox.1.dylib
0x00007fff2757f000 	/System/Library/PrivateFrameworks/UserManagement.framework/Versions/A/UserManagement
0x00007fff29d8b000 	/System/Library/PrivateFrameworks/MobileKeyBag.framework/Versions/A/MobileKeyBag
0x00007fff34800000 	/System/Library/PrivateFrameworks/ChunkingLibrary.framework/Versions/A/ChunkingLibrary
0x00007fff2e6c0000 	/System/Library/PrivateFrameworks/SecCodeWrapper.framework/Versions/A/SecCodeWrapper
0x00007fff2b14f000 	/System/Library/PrivateFrameworks/CrashReporterSupport.framework/Versions/A/CrashReporterSupport
0x00007fff48583000 	/System/Library/PrivateFrameworks/OSAnalytics.framework/Versions/A/OSAnalytics
0x00007fff7839b000 	/usr/lib/libRosetta.dylib
0x00007fff331e1000 	/System/Library/PrivateFrameworks/RemoteServiceDiscovery.framework/Versions/A/RemoteServiceDiscovery
0x00007fff5255b000 	/System/Library/PrivateFrameworks/Symbolication.framework/Versions/A/Symbolication
0x00007fff331f1000 	/System/Library/PrivateFrameworks/RemoteXPC.framework/Versions/A/RemoteXPC
0x00007fff396fc000 	/System/Library/PrivateFrameworks/OSAServicesClient.framework/Versions/A/OSAServicesClient
0x00007fff3dfda000 	/System/Library/PrivateFrameworks/MallocStackLogging.framework/Versions/A/MallocStackLogging
0x00007fff2e442000 	/System/Library/PrivateFrameworks/Sharing.framework/Versions/A/Sharing
0x00007fff32dbe000 	/System/Library/PrivateFrameworks/Apple80211.framework/Versions/A/Apple80211
0x00007fff2a411000 	/System/Library/PrivateFrameworks/AuthKit.framework/Versions/A/AuthKit
0x00007fff29b8b000 	/System/Library/PrivateFrameworks/CoreUtils.framework/Versions/A/CoreUtils
0x00007fff29ab8000 	/System/Library/Frameworks/CoreWLAN.framework/Versions/A/CoreWLAN
0x00007fff2e58a000 	/System/Library/Frameworks/IOBluetooth.framework/Versions/A/IOBluetooth
0x00007fff32e22000 	/System/Library/PrivateFrameworks/CoreWiFi.framework/Versions/A/CoreWiFi
0x00007fff2daea000 	/System/Library/PrivateFrameworks/CorePhoneNumbers.framework/Versions/A/CorePhoneNumbers
0x00007fff30ead000 	/System/Library/PrivateFrameworks/DiskManagement.framework/Versions/A/DiskManagement
0x00007fff30dc3000 	/System/Library/PrivateFrameworks/AppleIDAuthSupport.framework/Versions/A/AppleIDAuthSupport
0x00007fff2dac7000 	/System/Library/PrivateFrameworks/KeychainCircle.framework/Versions/A/KeychainCircle
0x00007fff30e79000 	/System/Library/PrivateFrameworks/MediaKit.framework/Versions/A/MediaKit
0x00007fff30dd0000 	/System/Library/Frameworks/DiscRecording.framework/Versions/A/DiscRecording
0x00007fff2b272000 	/usr/lib/libCoreStorage.dylib
0x00007fff3325c000 	/usr/lib/libcsfde.dylib
0x00007fff2e6c4000 	/System/Library/PrivateFrameworks/ProtectedCloudStorage.framework/Versions/A/ProtectedCloudStorage
0x00007fff33254000 	/System/Library/PrivateFrameworks/EFILogin.framework/Versions/A/EFILogin
0x00007fff33849000 	/System/Library/Frameworks/AudioUnit.framework/Versions/A/AudioUnit
0x00007fff30d42000 	/System/Library/Frameworks/CoreBluetooth.framework/Versions/A/CoreBluetooth
0x00007fff2b26a000 	/usr/lib/libMatch.1.dylib
0x000000012b389000 	/usr/lib/libobjc-trampolines.dylib
0x00007fff44214000 	/System/Library/CoreServices/RawCamera.bundle/Contents/MacOS/RawCamera
0x00007fff2da73000 	/System/Library/PrivateFrameworks/MobileAsset.framework/Versions/A/MobileAsset
0x00007fff3386e000 	/System/Library/PrivateFrameworks/StreamingZip.framework/Versions/A/StreamingZip
0x00007fff2c215000 	/System/Library/Frameworks/MediaToolbox.framework/Versions/A/MediaToolbox
0x00007fff31358000 	/System/Library/PrivateFrameworks/CoreAVCHD.framework/Versions/A/CoreAVCHD
0x00007fff3050c000 	/System/Library/Frameworks/MediaAccessibility.framework/Versions/A/MediaAccessibility
0x00007fff31354000 	/System/Library/PrivateFrameworks/Mangrove.framework/Versions/A/Mangrove
0x00007fff30518000 	/System/Library/PrivateFrameworks/AlgosScoreFramework.framework/Versions/A/AlgosScoreFramework
0x00007fff31d1d000 	/System/Library/PrivateFrameworks/AppleVPA.framework/Versions/A/AppleVPA
0x00007fff30f99000 	/System/Library/PrivateFrameworks/CoreAUC.framework/Versions/A/CoreAUC
0x00007fff41c07000 	/System/Library/Frameworks/Accelerate.framework/Versions/A/Frameworks/vImage.framework/Versions/A/Libraries/libCGInterfaces.dylib
0x00007fff356c9000 	/System/Library/PrivateFrameworks/FamilyControls.framework/Versions/A/FamilyControls
0x00007fff356ed000 	/System/Library/PrivateFrameworks/CommerceKit.framework/Versions/A/Frameworks/CommerceCore.framework/Versions/A/CommerceCore
0x00007fff30549000 	/System/Library/PrivateFrameworks/SystemAdministration.framework/Versions/A/SystemAdministration
0x00007fff2ba14000 	/System/Library/PrivateFrameworks/login.framework/Versions/A/login
0x00007fff2fe68000 	/System/Library/Frameworks/DirectoryService.framework/Versions/A/DirectoryService
0x00007fff330fa000 	/System/Library/PrivateFrameworks/DiskImages.framework/Versions/A/DiskImages
0x00007fff332ce000 	/System/Library/PrivateFrameworks/LoginUIKit.framework/Versions/A/Frameworks/LoginUICore.framework/Versions/A/LoginUICore
0x00007fff2bbae000 	/usr/lib/libodfde.dylib
0x00007fff33268000 	/usr/lib/libcurl.4.dylib
0x00007fff32fc8000 	/usr/lib/libcrypto.44.dylib
0x00007fff330cc000 	/usr/lib/libssl.46.dylib
0x00007fff32f8e000 	/System/Library/Frameworks/LDAP.framework/Versions/A/LDAP
0x00007fff32fc6000 	/System/Library/PrivateFrameworks/TrustEvaluationAgent.framework/Versions/A/TrustEvaluationAgent
0x00007fff2d0d6000 	/usr/lib/libsasl2.2.dylib
0x00007fff3053d000 	/System/Library/PrivateFrameworks/CoreDaemon.framework/Versions/B/CoreDaemon
0x00007fff30538000 	/System/Library/PrivateFrameworks/AppleSRP.framework/Versions/A/AppleSRP
0x00007fff27281000 	/System/Library/PrivateFrameworks/ViewBridge.framework/Versions/A/ViewBridge
0x000000012cbf1000 	/Applications/MATLAB_R2020b.app/sys/java/jre/maci64/jre/lib/libfontmanager.dylib
0x000000012ccc1000 	/Applications/MATLAB_R2020b.app/bin/maci64/libcrash_analyzer_jni.dylib
0x000000012cccc000 	/Applications/MATLAB_R2020b.app/bin/maci64/libmwcrash_analyzer.dylib
0x000000012cd8f000 	/Applications/MATLAB_R2020b.app/bin/maci64/libmwi18n.dylib
0x000000012d021000 	/Applications/MATLAB_R2020b.app/bin/maci64/libmwboost_iostreams.dylib
0x000000012d04b000 	/Applications/MATLAB_R2020b.app/bin/maci64/libmwboost_regex.dylib
0x000000012d1c7000 	/Applications/MATLAB_R2020b.app/bin/maci64/libmwresource_core.dylib
0x000000012d1d2000 	/Applications/MATLAB_R2020b.app/bin/maci64/libmwfoundation_filesystem.dylib
0x000000012d1fd000 	/Applications/MATLAB_R2020b.app/bin/maci64/libmwcpp11compat.dylib
0x000000012d256000 	/Applications/MATLAB_R2020b.app/bin/maci64/libmwboost_date_time.dylib
0x000000012d26d000 	/Applications/MATLAB_R2020b.app/bin/maci64/libmwboost_filesystem.dylib
0x000000012d2a8000 	/Applications/MATLAB_R2020b.app/bin/maci64/libmwboost_thread.dylib
0x000000012d2d6000 	/Applications/MATLAB_R2020b.app/bin/maci64/libexpat.1.6.11.dylib
0x000000012d342000 	/Applications/MATLAB_R2020b.app/bin/maci64/libicuuc.64.2.dylib
0x000000012d6e5000 	/Applications/MATLAB_R2020b.app/bin/maci64/libicui18n.64.2.dylib
0x000000012dd23000 	/Applications/MATLAB_R2020b.app/bin/maci64/libicudata.64.2.dylib
0x000000012fd71000 	/Applications/MATLAB_R2020b.app/sys/java/jre/maci64/jre/lib/libnio.dylib
0x000000012fd99000 	/Applications/MATLAB_R2020b.app/sys/java/jre/maci64/jre/lib/libnet.dylib
0x000000012fdd7000 	/Applications/MATLAB_R2020b.app/sys/java/jre/maci64/jre/lib/libsunec.dylib
0x00007fff6cda0000 	/System/Library/Frameworks/OpenGL.framework/Versions/A/Resources/GLEngine.bundle/GLEngine
0x00007fff6cc00000 	/System/Library/Frameworks/OpenGL.framework/Versions/A/Libraries/libGLProgrammability.dylib
0x000000013053e000 	/System/Library/Extensions/AppleMetalOpenGLRenderer.bundle/Contents/MacOS/AppleMetalOpenGLRenderer
0x00007fff6cf1c000 	/System/Library/Frameworks/OpenGL.framework/Versions/A/Resources/GLRendererFloat.bundle/GLRendererFloat
0x0000000130693000 	/System/Library/Extensions/AGXMetal13_3.bundle/Contents/MacOS/AGXMetal13_3
0x00007fff38a59000 	/System/Library/PrivateFrameworks/IOGPU.framework/Versions/A/IOGPU
0x00007fff6a6f9000 	/System/Library/PrivateFrameworks/GPUCompiler.framework/Versions/31001/Libraries/libmetal_timestamp.dylib
0x0000000131b00000 	/Applications/MATLAB_R2020b.app/sys/java/jre/maci64/jre/lib/libosxui.dylib
0x0000000169b8c000 	/Applications/MATLAB_R2020b.app/sys/java/jre/maci64/jre/lib/libosx.dylib

VM Arguments:
jvm_args: -Djava.library.path=/Applications/MATLAB_R2020b.app/bin/maci64 
java_command: com.mathworks.fatalexit.FatalExitFrame /Users/matt/matlab_crash_dump.62471-1 -segvURL https://udc-service.mathworks.com/udc/service/v1 -mweInstall /Applications/MATLAB_R2020b.app -desktopOS Darwin 20.3.0 Darwin Kernel Version 20.3.0: Thu Jan 21 00:06:51 PST 2021; root:xnu-7195.81.3~1/RELEASE_ARM64_T8101 x86_64 -desktopPlatform maci64 -installationId ef70cc10-6d4d-4d7a-8418-ccb57613fe12 -machineHash f9f7232b2424dfc4be934d2d55d250fc -releaseFamily R2020b -sessionKey a6323f4c-beda-4e32-9dba-c2aedb59b926 -version 9.9.0.1524771 (R2020b) Update 2 -optIn
java_class_path (initial): /Applications/MATLAB_R2020b.app/java/jar/fatalexit.jar:/Applications/MATLAB_R2020b.app/java/jar/crash_analyzer.jar:/Applications/MATLAB_R2020b.app/java/jar/mlwebservices.jar:/Applications/MATLAB_R2020b.app/java/jar/net.jar:/Applications/MATLAB_R2020b.app/java/jar/webproxy.jar:/Applications/MATLAB_R2020b.app/java/jarext/webservices/udc_client/udc_client.jar:/Applications/MATLAB_R2020b.app/java/jarext/webservices/urlmanager/urlmanager.jar:/Applications/MATLAB_R2020b.app/java/jarext/webservices/ws_client_core/mw-service-client-core.jar:/Applications/MATLAB_R2020b.app/java/jarext/commons-cli.jar:/Applications/MATLAB_R2020b.app/java/jarext/commons-codec.jar:/Applications/MATLAB_R2020b.app/java/jarext/commons-io.jar:/Applications/MATLAB_R2020b.app/java/jarext/commons-lang.jar:/Applications/MATLAB_R2020b.app/java/jarext/commons-logging.jar:/Applications/MATLAB_R2020b.app/java/jarext/jgoodies-looks.jar:/Applications/MATLAB_R2020b.app/java/jarext/axis2/activation.jar:/Applications/MATLAB_R2020b.app/java/jarext/axis2/axiom-api.jar:/Applications/MATLAB_R2020b.app/java/jarext/axis2/axiom-impl.jar:/Applications/MATLAB_R2020b.app/java/jarext/axis2/axis2-adb.jar:/Applications/MATLAB_R2020b.app/java/jarext/axis2/axis2-kernel.jar:/Applications/MATLAB_R2020b.app/java/jarext/axis2/axis2-transport-http.jar:/Applications/MATLAB_R2020b.app/java/jarext/axis2/axis2-transport-local.jar:/Applications/MATLAB_R2020b.app/java/jarext/axis2/commons-httpclient.jar:/Applications/MATLAB_R2020b.app/java/jarext/axis2/geronimo-stax-api.jar:/Applications/MATLAB_R2020b.app/java/jarext/axis2/httpcore.jar:/Applications/MATLAB_R2020b.app/java/jarext/axis2/mail.jar:/Applications/MATLAB_R2020b.app/java/jarext/axis2/neethi.jar:/Applications/MATLAB_R2020b.app/java/jarext/axis2/wsdl4j.jar:/Applications/MATLAB_R2020b.app/java/jarext/axis2/wstx-asl.jar:/Applications/MATLAB_R2020b.app/java/jarext/axis2/XmlSchema.jar:/Applications/MATLAB_R2020b.app/java/jar/ja_JP/fatalexit_res.jar:/Appli
Launcher Type: SUN_STANDARD

Environment Variables:
PATH=/usr/bin:/bin:/usr/sbin:/sbin
SHELL=/bin/zsh

Signal Handlers:
SIGSEGV: [libjvm.dylib+0x5b719d], sa_mask[0]=11111111111111111111111111111111, sa_flags=SA_ONSTACK|SA_RESTART|SA_SIGINFO
SIGBUS: [libjvm.dylib+0x5b719d], sa_mask[0]=11111111111111111111111111111111, sa_flags=SA_RESTART|SA_SIGINFO
SIGFPE: [libjvm.dylib+0x48c8fc], sa_mask[0]=11111111111111111111111111111111, sa_flags=SA_RESTART|SA_SIGINFO
SIGPIPE: [libjvm.dylib+0x48c8fc], sa_mask[0]=11111111111111111111111111111111, sa_flags=SA_RESTART|SA_SIGINFO
SIGXFSZ: [libjvm.dylib+0x48c8fc], sa_mask[0]=11111111111111111111111111111111, sa_flags=SA_RESTART|SA_SIGINFO
SIGILL: [libjvm.dylib+0x48c8fc], sa_mask[0]=11111111111111111111111111111111, sa_flags=SA_RESTART|SA_SIGINFO
SIGUSR1: SIG_DFL, sa_mask[0]=00000000000000000000000000000000, sa_flags=none
SIGUSR2: [libjvm.dylib+0x48c41a], sa_mask[0]=00000000000000000000000000000000, sa_flags=SA_RESTART|SA_SIGINFO
SIGHUP: [libjvm.dylib+0x48a9a5], sa_mask[0]=11111111111111111111111111111111, sa_flags=SA_RESTART|SA_SIGINFO
SIGINT: [libjvm.dylib+0x48a9a5], sa_mask[0]=11111111111111111111111111111111, sa_flags=SA_RESTART|SA_SIGINFO
SIGTERM: [libjvm.dylib+0x48a9a5], sa_mask[0]=11111111111111111111111111111111, sa_flags=SA_RESTART|SA_SIGINFO
SIGQUIT: [libjvm.dylib+0x48a9a5], sa_mask[0]=11111111111111111111111111111111, sa_flags=SA_RESTART|SA_SIGINFO


---------------  S Y S T E M  ---------------

OS:Bsduname:Darwin 20.3.0 Darwin Kernel Version 20.3.0: Thu Jan 21 00:06:51 PST 2021; root:xnu-7195.81.3~1/RELEASE_ARM64_T8101 x86_64
rlimit: STACK 8176k, CORE 0k, NPROC 2666, NOFILE 10240, AS infinity
load average:4.46 3.55 2.99

CPU:total 8 (initial active 8) (1 cores per cpu, 1 threads per core) family 6 model 44 stepping 0, cmov, cx8, fxsr, mmx, sse, sse2, sse3, ssse3, sse4.1, sse4.2, popcnt, aes, clmul, tsc, tscinvbit, tscinv

Memory: 4k page, physical 16777216k(166964k free)

/proc/meminfo:


vm_info: Java HotSpot(TM) 64-Bit Server VM (25.202-b08) for bsd-amd64 JRE (1.8.0_202-b08), built on Dec 15 2018 20:16:16 by "java_re" with gcc 4.2.1 (Based on Apple Inc. build 5658) (LLVM build 2336.11.00)

time: Tue Mar 30 15:29:39 2021
timezone: EDT
elapsed time: 11408 seconds (0d 3h 10m 8s)

