Starting preprocessing of the model file ...
Found 6 equation(s).
Evaluating expressions...done
Computing static model derivatives (order 1).
Computing dynamic model derivatives (order 1).
Processing outputs ...
done
Preprocessing completed.




Residuals of the static equations:

Equation number 1 : 0 : y
Equation number 2 : 1.4851 : 2
Equation number 3 : NaN : 3
Equation number 4 : 0 : a
Equation number 5 : 2.2199 : 5
Equation number 6 : 0 : w


{Error using <a href="matlab:matlab.internal.language.introspective.errorDocCallback('print_info', '/Applications/Dynare/4.6.3/matlab/print_info.m', 32)" style="font-weight:bold">print_info</a> (<a href="matlab: opentoline('/Applications/Dynare/4.6.3/matlab/print_info.m',32,0)">line 32</a>)
The steadystate file did not compute the steady state

Error in <a href="matlab:matlab.internal.language.introspective.errorDocCallback('steady', '/Applications/Dynare/4.6.3/matlab/steady.m', 102)" style="font-weight:bold">steady</a> (<a href="matlab: opentoline('/Applications/Dynare/4.6.3/matlab/steady.m',102,0)">line 102</a>)
    print_info(info,options_.noprint, options_);

Error in <a href="matlab:matlab.internal.language.introspective.errorDocCallback('HW4P2.driver', '/Users/matt/Desktop/Advanced_Macro/HW/HW4/+HW4P2/driver.m', 217)" style="font-weight:bold">HW4P2.driver</a> (<a href="matlab: opentoline('/Users/matt/Desktop/Advanced_Macro/HW/HW4/+HW4P2/driver.m',217,0)">line 217</a>)
steady;

Error in <a href="matlab:matlab.internal.language.introspective.errorDocCallback('dynare', '/Applications/Dynare/4.6.3/matlab/dynare.m', 293)" style="font-weight:bold">dynare</a> (<a href="matlab: opentoline('/Applications/Dynare/4.6.3/matlab/dynare.m',293,0)">line 293</a>)
evalin('base',[fname '.driver']) ;
} 
